TN:
SF:src/App.tsx
FN:39,App
FN:50,handleHandoffToImport
FN:76,onClick
FN:114,onHandoffConsumed
FNF:4
FNH:1
FNDA:4,App
FNDA:0,handleHandoffToImport
FNDA:0,onClick
FNDA:0,onHandoffConsumed
DA:1,1
DA:2,1
DA:3,1
DA:4,1
DA:5,1
DA:12,1
DA:13,1
DA:14,1
DA:15,1
DA:16,1
DA:18,1
DA:19,1
DA:20,1
DA:21,1
DA:22,1
DA:23,1
DA:24,1
DA:25,1
DA:26,1
DA:27,1
DA:28,1
DA:29,1
DA:30,1
DA:31,1
DA:32,1
DA:33,1
DA:34,1
DA:35,1
DA:36,1
DA:37,1
DA:39,4
DA:40,4
DA:41,4
DA:42,4
DA:44,4
DA:45,2
DA:46,2
DA:47,2
DA:48,4
DA:50,4
DA:51,0
DA:52,0
DA:53,0
DA:55,4
DA:56,4
DA:57,4
DA:58,4
DA:59,4
DA:61,4
DA:62,4
DA:63,4
DA:64,4
DA:65,4
DA:66,4
DA:68,4
DA:69,4
DA:70,9
DA:71,9
DA:72,9
DA:73,9
DA:74,9
DA:75,9
DA:76,9
DA:77,9
DA:79,9
DA:80,9
DA:81,9
DA:82,9
DA:83,9
DA:84,9
DA:86,4
DA:87,4
DA:89,4
DA:90,4
DA:91,4
DA:92,4
DA:93,4
DA:95,4
DA:96,4
DA:97,4
DA:98,4
DA:99,4
DA:101,4
DA:102,4
DA:103,4
DA:104,4
DA:105,4
DA:106,4
DA:107,4
DA:108,4
DA:110,4
DA:111,4
DA:112,0
DA:113,0
DA:114,0
DA:115,0
DA:117,4
DA:118,4
DA:119,4
DA:121,4
DA:123,1
LF:101
LH:94
BRDA:39,0,0,4
BRDA:104,1,0,3
BRDA:105,2,0,3
BRDA:106,3,0,3
BRDA:110,4,0,3
BRDA:111,5,0,0
BRDA:117,6,0,0
BRDA:44,7,0,2
BRDA:46,8,0,2
BRDA:69,9,0,9
BRDA:75,10,0,3
BRDA:75,11,0,6
BRDA:77,12,0,3
BRDA:77,13,0,6
BRDA:104,14,0,3
BRDA:105,15,0,3
BRDA:106,16,0,3
BRF:17
BRH:15
end_of_record
TN:
SF:src/api.ts
FN:1,(empty-report)
FNF:1
FNH:1
FNDA:1,(empty-report)
DA:16,0
DA:18,0
DA:19,0
DA:20,0
DA:21,0
DA:22,0
DA:23,0
DA:25,0
DA:26,0
DA:27,0
DA:32,0
DA:33,0
DA:34,0
DA:36,0
DA:37,0
DA:38,0
DA:39,0
DA:41,0
DA:42,0
DA:43,0
DA:48,0
DA:49,0
DA:50,0
DA:51,0
DA:52,0
DA:53,0
DA:54,0
DA:55,0
DA:56,0
DA:57,0
DA:58,0
DA:60,0
DA:61,0
DA:62,0
DA:63,0
DA:65,0
DA:66,0
DA:67,0
DA:72,0
DA:73,0
DA:74,0
DA:75,0
DA:76,0
DA:81,0
DA:82,0
DA:83,0
DA:84,0
DA:85,0
DA:86,0
DA:87,0
DA:88,0
DA:89,0
DA:90,0
DA:91,0
DA:96,0
DA:97,0
DA:98,0
DA:99,0
DA:100,0
DA:102,0
DA:103,0
DA:104,0
DA:105,0
DA:106,0
DA:116,0
DA:117,0
DA:118,0
DA:119,0
DA:120,0
DA:121,0
DA:122,0
DA:124,0
DA:125,0
DA:126,0
DA:128,0
DA:129,0
DA:130,0
DA:131,0
DA:133,0
DA:134,0
DA:135,0
DA:136,0
DA:137,0
DA:142,0
DA:143,0
DA:144,0
DA:145,0
DA:146,0
DA:151,0
DA:152,0
DA:153,0
DA:154,0
DA:155,0
DA:157,0
DA:161,0
DA:162,0
DA:163,0
DA:164,0
DA:165,0
DA:166,0
DA:167,0
DA:168,0
DA:169,0
DA:170,0
DA:171,0
DA:172,0
DA:173,0
DA:174,0
DA:177,0
DA:178,0
DA:179,0
DA:181,0
DA:182,0
DA:183,0
DA:184,0
DA:185,0
DA:186,0
DA:187,0
DA:188,0
DA:190,0
DA:195,0
DA:196,0
DA:197,0
DA:198,0
DA:199,0
DA:200,0
DA:201,0
DA:202,0
DA:203,0
DA:204,0
DA:205,0
DA:206,0
DA:207,0
DA:208,0
LF:134
LH:0
BRDA:1,0,0,1
BRF:1
BRH:1
end_of_record
TN:
SF:src/components/BrowseView.tsx
FN:5,BrowseView
FNF:1
FNH:0
FNDA:0,BrowseView
DA:1,1
DA:5,1
DA:6,0
DA:8,0
DA:9,0
DA:10,0
DA:11,0
DA:12,0
DA:14,0
LF:9
LH:2
BRF:0
BRH:0
end_of_record
TN:
SF:src/components/ConflictReviewModal.tsx
FN:17,ConflictReviewModal
FN:47,handleDecisionChange
FN:51,handleSubmit
FN:75,onClick
FN:181,onChange
FN:191,onChange
FN:201,onChange
FNF:7
FNH:6
FNDA:33,ConflictReviewModal
FNDA:3,handleDecisionChange
FNDA:3,handleSubmit
FNDA:8,onClick
FNDA:0,onChange
FNDA:1,onChange
FNDA:2,onChange
DA:1,1
DA:17,1
DA:18,33
DA:19,33
DA:20,33
DA:21,33
DA:22,33
DA:24,33
DA:25,14
DA:26,14
DA:27,12
DA:29,12
DA:30,12
DA:31,11
DA:32,11
DA:33,12
DA:34,12
DA:35,14
DA:36,14
DA:37,1
DA:38,1
DA:39,14
DA:40,33
DA:42,33
DA:43,33
DA:44,33
DA:45,33
DA:47,33
DA:48,3
DA:49,3
DA:51,33
DA:52,3
DA:53,3
DA:54,3
DA:56,3
DA:57,3
DA:58,3
DA:59,3
DA:60,9
DA:61,9
DA:62,3
DA:64,3
DA:65,3
DA:66,3
DA:67,3
DA:68,0
DA:69,0
DA:70,0
DA:71,3
DA:73,33
DA:74,33
DA:75,33
DA:76,33
DA:77,33
DA:78,33
DA:79,33
DA:82,33
DA:83,33
DA:84,33
DA:85,33
DA:86,33
DA:87,33
DA:88,33
DA:89,33
DA:90,33
DA:91,33
DA:92,33
DA:94,33
DA:95,33
DA:96,33
DA:97,33
DA:98,33
DA:100,33
DA:101,33
DA:103,33
DA:104,1
DA:105,1
DA:106,1
DA:107,1
DA:110,33
DA:111,1
DA:114,33
DA:115,17
DA:116,17
DA:117,17
DA:118,17
DA:119,17
DA:120,17
DA:121,17
DA:122,17
DA:123,17
DA:125,17
DA:126,17
DA:127,17
DA:128,17
DA:129,17
DA:130,17
DA:131,17
DA:132,17
DA:133,17
DA:134,17
DA:135,17
DA:136,17
DA:138,17
DA:139,17
DA:140,17
DA:141,17
DA:142,17
DA:143,17
DA:144,17
DA:145,17
DA:146,17
DA:147,17
DA:148,17
DA:149,17
DA:150,17
DA:151,17
DA:152,17
DA:153,17
DA:154,17
DA:156,17
DA:157,17
DA:158,17
DA:159,17
DA:160,17
DA:161,17
DA:162,17
DA:163,17
DA:164,17
DA:166,17
DA:168,17
DA:169,17
DA:170,17
DA:171,17
DA:172,17
DA:173,17
DA:175,17
DA:176,17
DA:177,17
DA:178,17
DA:179,17
DA:180,17
DA:181,17
DA:182,17
DA:183,17
DA:184,17
DA:185,17
DA:186,17
DA:187,17
DA:188,17
DA:189,17
DA:190,17
DA:191,17
DA:192,17
DA:193,17
DA:194,17
DA:195,17
DA:196,17
DA:197,17
DA:198,17
DA:199,17
DA:200,17
DA:201,17
DA:202,17
DA:203,17
DA:204,17
DA:205,17
DA:206,17
DA:208,17
DA:209,17
DA:211,33
DA:213,33
DA:214,33
DA:215,33
DA:216,33
DA:217,33
DA:218,33
DA:220,33
DA:221,33
DA:222,33
DA:223,33
DA:224,33
DA:225,33
DA:227,33
DA:228,33
DA:229,33
DA:230,33
DA:231,33
DA:232,33
DA:234,33
LF:190
LH:187
BRDA:17,0,0,33
BRDA:101,1,0,14
BRDA:103,2,0,19
BRDA:103,3,0,1
BRDA:110,4,0,19
BRDA:110,5,0,18
BRDA:110,6,0,18
BRDA:110,7,0,1
BRDA:114,8,0,19
BRDA:114,9,0,18
BRDA:114,10,0,17
BRDA:215,11,0,18
BRDA:215,12,0,15
BRDA:225,13,0,30
BRDA:225,14,0,16
BRDA:225,15,0,15
BRDA:225,16,0,14
BRDA:227,17,0,3
BRDA:227,18,0,30
BRDA:24,19,0,14
BRDA:26,20,0,12
BRDA:30,21,0,11
BRDA:36,22,0,1
BRDA:43,23,0,26
BRDA:43,24,0,12
BRDA:43,25,0,14
BRDA:43,26,0,11
BRDA:47,27,0,3
BRDA:48,28,0,3
BRDA:51,29,0,3
BRDA:52,30,0,0
BRDA:58,31,0,0
BRDA:59,32,0,9
BRDA:67,33,0,0
BRDA:75,34,0,8
BRDA:116,35,0,17
BRDA:117,36,0,0
BRDA:142,37,0,0
BRDA:146,38,0,0
BRDA:161,39,0,0
BRDA:172,40,0,0
BRDA:176,41,0,13
BRDA:176,42,0,4
BRDA:184,43,0,0
BRDA:186,44,0,1
BRDA:186,45,0,16
BRDA:194,46,0,0
BRDA:196,47,0,3
BRDA:196,48,0,14
BRDA:170,49,0,51
BRDA:191,50,0,1
BRDA:201,51,0,2
BRF:52
BRH:42
end_of_record
TN:
SF:src/components/ConvertView.tsx
FN:18,isAcceptedFile
FN:23,formatBytes
FN:29,ConvertView
FN:51,handleSourceSelect
FN:60,handleTemplatePick
FN:69,handleConvert
FN:84,handleReset
FN:117,onClick
FN:147,onClick
FN:170,onChange
FN:187,onClick
FN:220,onHandoffToImport
FN:241,ConvertSuccessPanel
FN:289,TemplatePicker
FN:296,onFileSelected
FNF:15
FNH:11
FNDA:6,isAcceptedFile
FNDA:17,formatBytes
FNDA:50,ConvertView
FNDA:6,handleSourceSelect
FNDA:0,handleTemplatePick
FNDA:5,handleConvert
FNDA:1,handleReset
FNDA:1,onClick
FNDA:0,onClick
FNDA:1,onChange
FNDA:0,onClick
FNDA:1,onHandoffToImport
FNDA:2,ConvertSuccessPanel
FNDA:1,TemplatePicker
FNDA:0,onFileSelected
DA:1,1
DA:16,1
DA:18,6
DA:19,6
DA:20,6
DA:21,6
DA:23,17
DA:24,17
DA:25,2
DA:26,0
DA:27,0
DA:29,1
DA:30,50
DA:31,50
DA:32,50
DA:33,50
DA:34,50
DA:35,50
DA:36,50
DA:38,50
DA:39,16
DA:40,16
DA:41,15
DA:42,15
DA:43,13
DA:44,13
DA:45,16
DA:46,16
DA:47,50
DA:49,50
DA:51,50
DA:52,6
DA:53,0
DA:54,0
DA:55,0
DA:56,6
DA:57,6
DA:58,6
DA:60,50
DA:61,0
DA:62,0
DA:63,0
DA:64,0
DA:65,0
DA:66,0
DA:67,0
DA:69,50
DA:70,5
DA:71,5
DA:72,5
DA:73,5
DA:74,5
DA:75,5
DA:76,5
DA:77,5
DA:78,2
DA:79,2
DA:80,2
DA:81,2
DA:82,5
DA:84,50
DA:85,1
DA:86,1
DA:87,1
DA:89,50
DA:90,50
DA:92,50
DA:93,50
DA:94,50
DA:95,50
DA:96,50
DA:97,50
DA:98,50
DA:99,50
DA:100,50
DA:102,50
DA:103,1
DA:106,50
DA:107,31
DA:108,31
DA:109,62
DA:110,62
DA:111,62
DA:112,62
DA:113,62
DA:114,62
DA:115,62
DA:116,62
DA:117,62
DA:118,62
DA:120,62
DA:121,62
DA:122,62
DA:123,62
DA:124,62
DA:125,31
DA:127,62
DA:129,31
DA:130,31
DA:132,50
DA:134,50
DA:135,50
DA:136,50
DA:137,50
DA:138,50
DA:140,50
DA:141,15
DA:142,15
DA:143,15
DA:144,15
DA:145,15
DA:146,15
DA:147,15
DA:148,15
DA:149,15
DA:151,15
DA:152,15
DA:154,34
DA:156,50
DA:158,50
DA:159,50
DA:160,50
DA:161,50
DA:162,50
DA:163,50
DA:164,50
DA:166,50
DA:167,50
DA:168,50
DA:169,50
DA:170,50
DA:171,1
DA:172,1
DA:173,1
DA:174,50
DA:175,50
DA:177,50
DA:179,50
DA:180,1
DA:181,0
DA:182,0
DA:183,0
DA:184,0
DA:185,0
DA:186,0
DA:187,0
DA:188,0
DA:189,0
DA:191,0
DA:192,0
DA:194,1
DA:196,50
DA:198,50
DA:199,5
DA:200,5
DA:201,5
DA:202,5
DA:203,5
DA:204,5
DA:207,50
DA:208,2
DA:209,2
DA:210,2
DA:211,2
DA:213,2
DA:214,2
DA:217,50
DA:218,2
DA:219,2
DA:220,2
DA:221,2
DA:222,2
DA:225,50
DA:226,47
DA:227,47
DA:228,47
DA:229,47
DA:230,47
DA:231,47
DA:232,47
DA:234,47
DA:235,47
DA:237,50
DA:239,50
DA:241,2
DA:242,2
DA:243,2
DA:244,2
DA:245,2
DA:249,2
DA:250,2
DA:251,2
DA:252,2
DA:253,2
DA:255,2
DA:256,2
DA:257,2
DA:258,2
DA:259,2
DA:260,2
DA:261,2
DA:262,2
DA:263,2
DA:264,2
DA:265,2
DA:266,2
DA:267,2
DA:268,2
DA:269,2
DA:270,2
DA:271,2
DA:272,2
DA:274,2
DA:275,2
DA:277,2
DA:278,2
DA:280,2
DA:281,2
DA:283,2
DA:284,2
DA:285,2
DA:287,2
DA:289,1
DA:290,1
DA:291,1
DA:292,1
DA:295,1
DA:296,1
DA:297,1
LF:229
LH:206
BRDA:18,0,0,6
BRDA:20,1,0,6
BRDA:23,2,0,17
BRDA:24,3,0,15
BRDA:24,4,0,2
BRDA:25,5,0,0
BRDA:29,6,0,50
BRDA:90,7,0,31
BRDA:90,8,0,15
BRDA:90,9,0,0
BRDA:90,10,0,15
BRDA:98,11,0,0
BRDA:98,12,0,49
BRDA:102,13,0,1
BRDA:106,14,0,31
BRDA:140,15,0,15
BRDA:152,16,0,34
BRDA:162,17,0,1
BRDA:162,18,0,48
BRDA:179,19,0,1
BRDA:180,20,0,0
BRDA:198,21,0,5
BRDA:207,22,0,2
BRDA:217,23,0,2
BRDA:225,24,0,47
BRDA:38,25,0,16
BRDA:40,26,0,15
BRDA:42,27,0,13
BRDA:46,28,0,1
BRDA:51,29,0,6
BRDA:52,30,0,0
BRDA:69,31,0,5
BRDA:70,32,0,0
BRDA:76,33,0,0
BRDA:77,34,0,2
BRDA:84,35,0,1
BRDA:108,36,0,62
BRDA:116,37,0,31
BRDA:116,38,0,31
BRDA:124,39,0,31
BRDA:117,40,0,1
BRDA:170,41,0,1
BRDA:172,42,0,0
BRDA:220,43,0,1
BRDA:241,44,0,2
BRDA:289,45,0,1
BRF:46
BRH:38
end_of_record
TN:
SF:src/components/FileUpload.tsx
FN:10,FileUpload
FN:27,handleChange
FN:32,handleDrop
FN:42,onDragOver
FN:46,onDragLeave
FN:48,onClick
FNF:6
FNH:5
FNDA:80,FileUpload
FNDA:21,handleChange
FNDA:2,handleDrop
FNDA:3,onDragOver
FNDA:1,onDragLeave
FNDA:0,onClick
DA:1,1
DA:8,1
DA:10,1
DA:11,80
DA:12,80
DA:14,80
DA:15,80
DA:16,22
DA:17,22
DA:18,22
DA:19,2
DA:20,2
DA:21,2
DA:22,20
DA:23,22
DA:24,80
DA:25,80
DA:27,80
DA:28,21
DA:29,21
DA:30,21
DA:32,80
DA:33,2
DA:34,2
DA:35,2
DA:36,2
DA:37,2
DA:39,80
DA:40,80
DA:41,80
DA:42,80
DA:43,3
DA:44,3
DA:45,3
DA:46,80
DA:47,80
DA:48,80
DA:49,80
DA:50,80
DA:51,80
DA:53,80
DA:54,80
DA:55,80
DA:56,80
DA:57,80
DA:58,80
DA:59,80
DA:60,80
DA:61,80
DA:62,80
DA:63,80
DA:64,80
DA:65,80
DA:66,80
DA:67,80
DA:69,80
DA:70,80
DA:71,80
DA:72,80
DA:73,80
DA:74,80
DA:75,80
DA:76,80
DA:77,80
DA:78,80
DA:80,80
LF:66
LH:66
BRDA:10,0,0,80
BRDA:41,1,0,2
BRDA:41,2,0,78
BRDA:41,3,0,17
BRDA:41,4,0,63
BRDA:15,5,0,22
BRDA:16,6,0,0
BRDA:18,7,0,3
BRDA:18,8,0,2
BRDA:21,9,0,20
BRDA:27,10,0,21
BRDA:32,11,0,2
BRDA:35,12,0,1
BRDA:42,13,0,3
BRDA:44,14,0,2
BRDA:46,15,0,1
BRF:16
BRH:15
end_of_record
TN:
SF:src/components/ImportResultPanel.tsx
FN:8,ImportResultPanel
FNF:1
FNH:1
FNDA:12,ImportResultPanel
DA:1,1
DA:8,1
DA:9,12
DA:10,12
DA:12,12
DA:13,12
DA:14,12
DA:15,12
DA:16,12
DA:17,12
DA:19,12
DA:20,3
DA:21,3
DA:22,3
DA:23,3
DA:24,3
DA:25,2
DA:27,2
DA:29,3
DA:32,12
DA:33,12
DA:34,12
DA:35,12
DA:36,12
DA:37,12
DA:38,12
DA:39,12
DA:40,12
DA:41,12
DA:42,12
DA:43,12
DA:44,12
DA:45,12
DA:46,12
DA:47,12
DA:48,12
DA:49,12
DA:50,12
DA:51,12
DA:52,12
DA:53,12
DA:54,12
DA:55,12
DA:56,12
DA:57,12
DA:58,12
DA:59,12
DA:60,12
DA:61,12
DA:63,12
DA:64,12
DA:65,12
DA:66,12
DA:67,12
DA:68,12
DA:69,12
DA:70,12
DA:71,12
DA:72,12
DA:73,12
DA:74,12
DA:75,12
DA:76,16
DA:77,16
DA:78,16
DA:79,16
DA:80,16
DA:81,16
DA:82,16
DA:83,16
DA:84,12
DA:85,12
DA:86,12
DA:87,12
DA:89,12
LF:75
LH:75
BRDA:8,0,0,12
BRDA:19,1,0,3
BRDA:24,2,0,2
BRDA:55,3,0,3
BRDA:55,4,0,9
BRDA:59,5,0,0
BRDA:75,6,0,16
BRDA:81,7,0,1
BRDA:81,8,0,15
BRDA:82,9,0,1
BRDA:82,10,0,15
BRF:11
BRH:10
end_of_record
TN:
SF:src/components/ImportView.tsx
FN:26,ImportView
FN:34,beginPreviewFromToken
FN:71,handleFile
FN:91,handleSelectionChange
FN:95,handleImport
FN:135,handleReset
FN:140,handleReviewResolved
FN:189,onChange
FN:201,onChange
FN:230,onChange
FN:242,onChange
FN:291,onReviewConflicts
FN:301,onClose
FNF:13
FNH:6
FNDA:56,ImportView
FNDA:3,beginPreviewFromToken
FNDA:11,handleFile
FNDA:2,handleSelectionChange
FNDA:5,handleImport
FNDA:2,handleReset
FNDA:0,handleReviewResolved
FNDA:0,onChange
FNDA:0,onChange
FNDA:0,onChange
FNDA:0,onChange
FNDA:0,onReviewConflicts
FNDA:0,onClose
DA:1,1
DA:26,1
DA:27,56
DA:28,56
DA:29,56
DA:30,56
DA:31,56
DA:32,56
DA:34,56
DA:35,3
DA:36,3
DA:37,3
DA:38,3
DA:39,3
DA:40,3
DA:41,3
DA:42,3
DA:43,3
DA:44,3
DA:45,3
DA:46,3
DA:47,3
DA:48,3
DA:49,0
DA:50,0
DA:51,0
DA:52,0
DA:53,0
DA:54,0
DA:55,3
DA:58,56
DA:59,16
DA:60,3
DA:61,3
DA:62,3
DA:63,3
DA:64,3
DA:65,3
DA:66,3
DA:67,3
DA:69,56
DA:71,56
DA:72,11
DA:73,11
DA:74,11
DA:75,8
DA:76,8
DA:77,8
DA:78,8
DA:79,8
DA:80,8
DA:81,8
DA:82,11
DA:83,2
DA:84,2
DA:85,2
DA:86,2
DA:87,2
DA:88,2
DA:89,11
DA:91,56
DA:92,2
DA:93,2
DA:95,56
DA:96,5
DA:97,5
DA:98,0
DA:99,0
DA:100,0
DA:102,5
DA:104,5
DA:105,5
DA:106,5
DA:107,5
DA:108,5
DA:110,5
DA:111,5
DA:112,5
DA:113,5
DA:114,5
DA:115,5
DA:116,5
DA:117,5
DA:118,5
DA:119,0
DA:120,0
DA:121,0
DA:122,0
DA:123,0
DA:124,0
DA:125,0
DA:126,5
DA:127,1
DA:128,1
DA:129,1
DA:130,1
DA:131,1
DA:132,1
DA:133,5
DA:135,56
DA:136,2
DA:137,2
DA:138,2
DA:140,56
DA:141,0
DA:142,0
DA:143,0
DA:144,0
DA:145,0
DA:146,0
DA:147,0
DA:148,0
DA:149,0
DA:150,0
DA:151,0
DA:152,0
DA:153,0
DA:154,0
DA:155,0
DA:156,0
DA:157,0
DA:158,0
DA:159,0
DA:160,0
DA:162,56
DA:163,56
DA:165,56
DA:166,56
DA:167,56
DA:168,3
DA:169,3
DA:170,3
DA:171,3
DA:172,3
DA:173,3
DA:175,3
DA:176,3
DA:179,56
DA:180,32
DA:181,32
DA:182,32
DA:183,32
DA:184,32
DA:185,32
DA:186,32
DA:187,32
DA:188,32
DA:189,32
DA:190,32
DA:191,32
DA:192,32
DA:193,32
DA:194,32
DA:195,32
DA:196,32
DA:197,32
DA:198,32
DA:199,32
DA:200,32
DA:201,32
DA:202,32
DA:203,32
DA:204,32
DA:205,32
DA:206,32
DA:207,32
DA:208,32
DA:211,56
DA:212,14
DA:213,14
DA:214,14
DA:215,14
DA:216,14
DA:217,14
DA:220,56
DA:221,13
DA:222,13
DA:223,13
DA:224,13
DA:225,13
DA:226,13
DA:227,13
DA:228,13
DA:229,13
DA:230,13
DA:231,13
DA:232,13
DA:233,13
DA:234,13
DA:235,13
DA:236,13
DA:237,13
DA:238,13
DA:239,13
DA:240,13
DA:241,13
DA:242,13
DA:243,13
DA:244,13
DA:245,13
DA:246,13
DA:247,13
DA:248,13
DA:249,13
DA:250,13
DA:251,13
DA:252,13
DA:253,13
DA:254,13
DA:255,13
DA:257,13
DA:258,13
DA:259,13
DA:260,13
DA:261,13
DA:262,13
DA:263,13
DA:264,13
DA:265,13
DA:266,13
DA:267,13
DA:270,56
DA:271,5
DA:272,5
DA:273,5
DA:274,5
DA:275,5
DA:276,5
DA:279,56
DA:280,3
DA:281,3
DA:282,3
DA:283,3
DA:285,3
DA:286,3
DA:289,56
DA:290,3
DA:291,3
DA:292,3
DA:293,3
DA:295,3
DA:296,3
DA:299,56
DA:300,0
DA:301,0
DA:302,0
DA:303,0
DA:305,56
DA:307,56
LF:249
LH:209
BRDA:26,0,0,56
BRDA:162,1,0,42
BRDA:163,2,0,13
BRDA:167,3,0,3
BRDA:167,4,0,3
BRDA:167,5,0,3
BRDA:179,6,0,38
BRDA:179,7,0,32
BRDA:211,8,0,14
BRDA:220,9,0,13
BRDA:264,10,0,1
BRDA:264,11,0,12
BRDA:270,12,0,5
BRDA:279,13,0,3
BRDA:281,14,0,2
BRDA:281,15,0,1
BRDA:289,16,0,3
BRDA:292,17,0,0
BRDA:299,18,0,0
BRDA:34,19,0,3
BRDA:48,20,0,0
BRDA:38,21,0,9
BRDA:38,22,0,6
BRDA:58,23,0,16
BRDA:59,24,0,13
BRDA:59,25,0,3
BRDA:60,26,0,0
BRDA:60,27,0,3
BRDA:71,28,0,11
BRDA:74,29,0,8
BRDA:82,30,0,2
BRDA:75,31,0,24
BRDA:75,32,0,16
BRDA:91,33,0,2
BRDA:92,34,0,2
BRDA:92,35,0,0
BRDA:95,36,0,5
BRDA:96,37,0,0
BRDA:97,38,0,0
BRDA:102,39,0,0
BRDA:118,40,0,3
BRDA:118,41,0,0
BRDA:124,42,0,0
BRDA:126,43,0,1
BRDA:135,44,0,2
BRF:45
BRH:35
end_of_record
TN:
SF:src/components/SheetPicker.tsx
FN:12,SheetPicker
FN:23,toggle
FN:33,toggleAll
FN:75,onChange
FNF:4
FNH:4
FNDA:24,SheetPicker
FNDA:4,toggle
FNDA:2,toggleAll
FNDA:4,onChange
DA:1,1
DA:12,1
DA:13,24
DA:14,24
DA:15,24
DA:16,24
DA:17,24
DA:18,24
DA:19,24
DA:20,24
DA:21,24
DA:23,24
DA:24,4
DA:25,4
DA:26,3
DA:27,3
DA:28,1
DA:29,1
DA:30,4
DA:31,4
DA:33,24
DA:34,2
DA:35,1
DA:36,1
DA:37,1
DA:38,1
DA:39,2
DA:41,24
DA:42,24
DA:43,24
DA:44,24
DA:45,24
DA:46,24
DA:47,24
DA:48,24
DA:49,24
DA:50,24
DA:51,24
DA:52,24
DA:53,24
DA:54,24
DA:55,24
DA:56,24
DA:58,24
DA:59,24
DA:61,24
DA:62,24
DA:63,72
DA:64,72
DA:65,72
DA:66,72
DA:67,72
DA:68,72
DA:69,72
DA:71,72
DA:72,72
DA:73,72
DA:74,72
DA:75,72
DA:76,72
DA:77,72
DA:78,72
DA:79,72
DA:80,48
DA:82,24
DA:84,72
DA:85,72
DA:86,24
DA:87,24
DA:88,24
DA:89,24
DA:91,24
DA:93,48
DA:95,72
DA:96,72
DA:98,24
DA:99,24
DA:100,24
DA:102,24
LF:79
LH:79
BRDA:12,0,0,24
BRDA:55,1,0,23
BRDA:19,2,0,22
BRDA:19,3,0,66
BRDA:21,4,0,39
BRDA:23,5,0,4
BRDA:25,6,0,3
BRDA:27,7,0,1
BRDA:33,8,0,2
BRDA:34,9,0,1
BRDA:37,10,0,2
BRDA:62,11,0,72
BRDA:67,12,0,24
BRDA:67,13,0,48
BRDA:68,14,0,29
BRDA:68,15,0,43
BRDA:76,16,0,69
BRDA:79,17,0,48
BRDA:80,18,0,24
BRDA:85,19,0,24
BRDA:91,20,0,48
BRDA:75,21,0,4
BRF:22
BRH:22
end_of_record
TN:
SF:src/components/TechnologyDetailPanel.tsx
FN:9,TechnologyDetailPanel
FN:166,YearRow
FN:206,ValueWithUnit
FN:216,renderCommodities
FN:233,formatNum
FNF:5
FNH:5
FNDA:29,TechnologyDetailPanel
FNDA:9,YearRow
FNDA:36,ValueWithUnit
FNDA:9,renderCommodities
FNDA:54,formatNum
DA:1,1
DA:9,1
DA:10,29
DA:11,29
DA:12,29
DA:14,29
DA:15,11
DA:16,2
DA:17,2
DA:18,2
DA:19,2
DA:20,9
DA:21,9
DA:22,9
DA:23,9
DA:24,9
DA:25,7
DA:26,9
DA:27,9
DA:28,1
DA:29,9
DA:30,9
DA:31,8
DA:32,9
DA:33,9
DA:34,9
DA:35,9
DA:36,29
DA:38,29
DA:39,3
DA:40,3
DA:41,3
DA:42,3
DA:44,3
DA:46,29
DA:47,8
DA:48,8
DA:49,8
DA:50,8
DA:52,8
DA:54,29
DA:55,1
DA:56,1
DA:57,1
DA:58,1
DA:60,1
DA:62,29
DA:64,9
DA:65,9
DA:66,9
DA:67,0
DA:69,29
DA:70,29
DA:71,29
DA:72,29
DA:73,29
DA:74,29
DA:75,29
DA:76,29
DA:77,29
DA:78,29
DA:79,29
DA:80,29
DA:81,29
DA:83,29
DA:84,9
DA:87,29
DA:88,29
DA:89,29
DA:90,29
DA:91,29
DA:92,29
DA:93,29
DA:94,29
DA:95,29
DA:96,9
DA:97,0
DA:98,29
DA:99,29
DA:100,29
DA:101,29
DA:102,29
DA:103,29
DA:104,29
DA:105,29
DA:106,29
DA:107,29
DA:108,29
DA:109,29
DA:111,29
DA:112,29
DA:113,29
DA:114,29
DA:115,29
DA:116,29
DA:118,29
DA:119,0
DA:121,9
DA:122,9
DA:123,9
DA:124,9
DA:125,9
DA:127,9
DA:128,9
DA:129,9
DA:131,9
DA:132,9
DA:134,9
DA:135,9
DA:137,9
DA:138,9
DA:140,9
DA:141,9
DA:142,9
DA:143,9
DA:144,9
DA:145,9
DA:146,9
DA:147,9
DA:148,9
DA:149,9
DA:150,9
DA:151,9
DA:152,9
DA:153,9
DA:154,9
DA:155,9
DA:156,9
DA:157,9
DA:158,9
DA:159,9
DA:160,9
DA:162,29
DA:164,29
DA:166,9
DA:167,9
DA:168,9
DA:169,9
DA:170,9
DA:171,9
DA:172,9
DA:173,9
DA:174,9
DA:175,9
DA:176,9
DA:177,9
DA:178,9
DA:179,9
DA:180,9
DA:181,9
DA:182,9
DA:183,9
DA:184,9
DA:185,9
DA:186,9
DA:187,9
DA:189,0
DA:191,9
DA:192,9
DA:193,9
DA:194,9
DA:195,9
DA:196,0
DA:198,9
DA:200,9
DA:201,9
DA:202,9
DA:204,9
DA:206,36
DA:207,36
DA:208,36
DA:209,36
DA:210,36
DA:211,36
DA:212,36
DA:214,36
DA:216,9
DA:217,9
DA:218,0
DA:219,0
DA:220,0
DA:221,0
DA:222,0
DA:223,0
DA:224,0
DA:225,0
DA:226,0
DA:228,0
DA:229,0
DA:231,0
DA:233,54
DA:234,54
DA:235,36
DA:236,54
DA:237,54
DA:238,54
DA:239,54
DA:240,9
DA:241,9
LF:199
LH:182
BRDA:9,0,0,29
BRDA:38,1,0,3
BRDA:44,2,0,26
BRDA:46,3,0,9
BRDA:46,4,0,8
BRDA:52,5,0,18
BRDA:54,6,0,1
BRDA:60,7,0,17
BRDA:62,8,0,8
BRDA:62,9,0,9
BRDA:66,10,0,0
BRDA:78,11,0,9
BRDA:83,12,0,9
BRDA:90,13,0,0
BRDA:95,14,0,9
BRDA:96,15,0,0
BRDA:114,16,0,9
BRDA:114,17,0,0
BRDA:118,18,0,0
BRDA:119,19,0,9
BRDA:14,20,0,11
BRDA:15,21,0,2
BRDA:19,22,0,9
BRDA:24,23,0,7
BRDA:27,24,0,1
BRDA:30,25,0,8
BRDA:33,26,0,9
BRDA:155,27,0,9
BRDA:166,28,0,9
BRDA:187,29,0,0
BRDA:195,30,0,0
BRDA:206,31,0,36
BRDA:207,32,0,0
BRDA:216,33,0,9
BRDA:217,34,0,0
BRDA:233,35,0,54
BRDA:234,36,0,18
BRDA:234,37,0,36
BRDA:236,38,0,0
BRDA:236,39,0,36
BRDA:237,40,0,0
BRDA:237,41,0,36
BRDA:238,42,0,9
BRDA:238,43,0,27
BRDA:239,44,0,18
BRDA:239,45,0,9
BRF:46
BRH:35
end_of_record
TN:
SF:src/components/TechnologyList.tsx
FN:12,TechnologyList
FN:67,handleFilterChange
FN:89,onChange
FN:95,onChange
FN:109,onChange
FN:143,onClick
FN:146,onKeyDown
FN:196,onClick
FN:207,onClick
FNF:9
FNH:6
FNDA:63,TechnologyList
FNDA:3,handleFilterChange
FNDA:1,onChange
FNDA:1,onChange
FNDA:1,onChange
FNDA:1,onClick
FNDA:0,onKeyDown
FNDA:0,onClick
FNDA:0,onClick
DA:1,1
DA:10,1
DA:12,1
DA:13,63
DA:14,63
DA:15,63
DA:16,63
DA:17,63
DA:18,63
DA:19,63
DA:20,63
DA:21,63
DA:24,63
DA:25,15
DA:26,15
DA:27,15
DA:28,15
DA:29,15
DA:30,15
DA:31,63
DA:34,63
DA:35,18
DA:36,18
DA:37,18
DA:38,18
DA:39,18
DA:40,18
DA:41,18
DA:42,18
DA:43,18
DA:44,18
DA:45,16
DA:46,16
DA:47,16
DA:48,18
DA:49,18
DA:50,1
DA:51,1
DA:52,18
DA:53,18
DA:54,17
DA:55,18
DA:56,18
DA:57,18
DA:58,18
DA:59,63
DA:61,63
DA:62,28
DA:63,13
DA:64,63
DA:66,63
DA:67,63
DA:68,3
DA:69,3
DA:70,3
DA:71,3
DA:73,63
DA:74,31
DA:75,31
DA:77,63
DA:78,63
DA:79,63
DA:80,63
DA:81,63
DA:82,63
DA:84,63
DA:85,63
DA:86,63
DA:87,63
DA:88,63
DA:89,63
DA:90,63
DA:91,63
DA:92,63
DA:93,63
DA:94,63
DA:95,63
DA:96,1
DA:98,63
DA:100,63
DA:101,63
DA:102,64
DA:103,64
DA:104,64
DA:105,63
DA:106,63
DA:107,63
DA:108,63
DA:109,63
DA:110,1
DA:112,63
DA:114,63
DA:115,63
DA:116,64
DA:117,64
DA:118,64
DA:119,63
DA:120,63
DA:121,63
DA:123,63
DA:125,63
DA:127,63
DA:128,1
DA:131,63
DA:132,30
DA:133,30
DA:134,70
DA:135,70
DA:136,70
DA:137,70
DA:138,70
DA:139,70
DA:140,70
DA:141,70
DA:142,70
DA:143,70
DA:144,70
DA:145,70
DA:146,70
DA:147,0
DA:148,0
DA:149,0
DA:150,0
DA:151,0
DA:153,70
DA:154,70
DA:155,70
DA:156,70
DA:157,70
DA:158,70
DA:159,70
DA:160,70
DA:161,70
DA:162,70
DA:163,70
DA:164,70
DA:165,70
DA:166,70
DA:167,70
DA:168,70
DA:169,70
DA:170,70
DA:171,70
DA:172,70
DA:173,70
DA:174,70
DA:175,70
DA:176,70
DA:177,70
DA:178,70
DA:179,70
DA:180,70
DA:182,30
DA:183,30
DA:186,63
DA:187,63
DA:188,63
DA:189,63
DA:190,63
DA:191,63
DA:192,63
DA:193,63
DA:194,63
DA:195,63
DA:196,63
DA:197,63
DA:199,63
DA:200,63
DA:201,63
DA:202,63
DA:203,63
DA:204,63
DA:205,63
DA:206,63
DA:207,63
DA:208,63
DA:210,63
DA:211,63
DA:212,63
DA:213,63
DA:215,63
LF:181
LH:176
BRDA:12,0,0,63
BRDA:73,1,0,31
BRDA:74,2,0,27
BRDA:74,3,0,4
BRDA:74,4,0,31
BRDA:123,5,0,1
BRDA:125,6,0,27
BRDA:125,7,0,15
BRDA:127,8,0,35
BRDA:127,9,0,19
BRDA:127,10,0,1
BRDA:131,11,0,31
BRDA:131,12,0,30
BRDA:188,13,0,31
BRDA:188,14,0,31
BRDA:189,15,0,27
BRDA:189,16,0,12
BRDA:189,17,0,50
BRDA:195,18,0,0
BRDA:206,19,0,2
BRDA:24,20,0,15
BRDA:26,21,0,15
BRDA:34,22,0,18
BRDA:38,23,0,17
BRDA:38,24,0,1
BRDA:39,25,0,17
BRDA:39,26,0,1
BRDA:40,27,0,17
BRDA:44,28,0,16
BRDA:45,29,0,0
BRDA:49,30,0,1
BRDA:50,31,0,0
BRDA:53,32,0,17
BRDA:56,33,0,18
BRDA:61,34,0,28
BRDA:62,35,0,15
BRDA:62,36,0,13
BRDA:67,37,0,3
BRDA:68,38,0,3
BRDA:89,39,0,1
BRDA:95,40,0,1
BRDA:96,41,0,0
BRDA:101,42,0,64
BRDA:109,43,0,1
BRDA:110,44,0,0
BRDA:115,45,0,64
BRDA:133,46,0,70
BRDA:136,47,0,0
BRDA:138,48,0,0
BRDA:142,49,0,2
BRDA:142,50,0,68
BRDA:163,51,0,0
BRDA:164,52,0,0
BRDA:143,53,0,1
BRF:54
BRH:45
end_of_record
